c:\users\casa\source\repos\jbeafrau\tfg\engine\x64\debug\vc143.pdb
c:\users\casa\source\repos\jbeafrau\tfg\engine\x64\debug\vc143.idb
c:\users\casa\source\repos\jbeafrau\tfg\engine\x64\debug\noiseutils.obj
c:\users\casa\source\repos\jbeafrau\tfg\engine\x64\debug\mapgenerator.obj
c:\users\casa\source\repos\jbeafrau\tfg\engine\x64\debug\main.obj
c:\users\casa\source\repos\jbeafrau\tfg\engine\x64\debug\classtimer.obj
c:\users\casa\source\repos\jbeafrau\tfg\engine\x64\debug\game.obj
c:\users\casa\source\repos\jbeafrau\tfg\engine\x64\debug\classmap.obj
c:\users\casa\source\repos\jbeafrau\tfg\engine\x64\debug\classbutton.obj
c:\users\casa\source\repos\jbeafrau\tfg\x64\debug\engine.exe
c:\users\casa\source\repos\jbeafrau\tfg\x64\debug\engine.pdb
c:\users\casa\source\repos\jbeafrau\tfg\engine\x64\debug\icon.res
c:\users\casa\source\repos\jbeafrau\tfg\engine\x64\debug\engine.ilk
c:\users\casa\source\repos\jbeafrau\tfg\engine\x64\debug\game.obj.enc
c:\users\casa\source\repos\jbeafrau\tfg\engine\x64\debug\engine.tlog\cl.command.1.tlog
c:\users\casa\source\repos\jbeafrau\tfg\engine\x64\debug\engine.tlog\cl.items.tlog
c:\users\casa\source\repos\jbeafrau\tfg\engine\x64\debug\engine.tlog\cl.read.1.tlog
c:\users\casa\source\repos\jbeafrau\tfg\engine\x64\debug\engine.tlog\cl.write.1.tlog
c:\users\casa\source\repos\jbeafrau\tfg\engine\x64\debug\engine.tlog\link.command.1.tlog
c:\users\casa\source\repos\jbeafrau\tfg\engine\x64\debug\engine.tlog\link.read.1.tlog
c:\users\casa\source\repos\jbeafrau\tfg\engine\x64\debug\engine.tlog\link.secondary.1.tlog
c:\users\casa\source\repos\jbeafrau\tfg\engine\x64\debug\engine.tlog\link.write.1.tlog
c:\users\casa\source\repos\jbeafrau\tfg\engine\x64\debug\engine.tlog\rc.command.1.tlog
c:\users\casa\source\repos\jbeafrau\tfg\engine\x64\debug\engine.tlog\rc.read.1.tlog
c:\users\casa\source\repos\jbeafrau\tfg\engine\x64\debug\engine.tlog\rc.write.1.tlog
